<?xml version="1.0" encoding="UTF-8" ?>
<testsuite errors="0" failures="0" hostname="Allen-PC" name="samp.GameTest" tests="7" time="0.141" timestamp="2013-05-10T00:00:50">
  <properties>
    <property name="libs.jsp-compiler.javadoc" value="" />
    <property name="netbeans.autoupdate.country" value="US" />
    <property name="nb.wait.for.caches" value="true" />
    <property name="javac.test.classpath" value=":build/classes:E:\Program Files\NetBeans 7.2.1\java\modules\ext\junit-3.8.2.jar" />
    <property name="libs.jsf20.maven-pom" value="" />
    <property name="libs.j2me_ant_ext.javadoc" value="" />
    <property name="libs.junit.javadoc" value="E:\Program Files\NetBeans 7.2.1\java\docs\junit-3.8.2-api.zip" />
    <property name="libs.nokiaS80-ant-utils.javadoc" value="" />
    <property name="ant.core.lib" value="E:\Program Files\NetBeans 7.2.1\java\ant\lib\ant.jar" />
    <property name="deployments.Scp.default.deployment.scp.userid" value="" />
    <property name="libs.jakarta_slide_ant_webdav.javadoc" value="" />
    <property name="javadoc.windowtitle" value="" />
    <property name="libs.jsp-compilation.javadoc" value="" />
    <property name="user.dir" value="H:\Documents\Math 410\poop\originaltest" />
    <property name="libs.hibernate-persistence.javadoc" value="" />
    <property name="libs.JMUnit4CLDC10.javadoc" value="E:\Program Files\NetBeans 7.2.1\mobility\modules\docs\jmunit-1.2.1-api.zip" />
    <property name="java.vm.version" value="23.5-b02" />
    <property name="libs.jstl11.maven-pom" value="" />
    <property name="libs.Java-EE-GlassFish-v3.wsimport" value="" />
    <property name="libs.MySQLDriver.classpath" value="E:\Program Files\NetBeans 7.2.1\ide\modules\ext\mysql-connector-java-5.1.18-bin.jar" />
    <property name="libs.eclipselinkmodelgen.src" value="" />
    <property name="libs.jstl11.src" value="" />
    <property name="javadoc.notree" value="false" />
    <property name="deployments.WebDAV.default.deployment.webdav.server" value="" />
    <property name="netbeans.autoupdate.version" value="1.23" />
    <property name="libs.EclipseLink-GlassFish-v3.classpath" value="E:\Program Files\glassfish-3.1.2.2\glassfish\modules\org.eclipse.persistence.antlr.jar;E:\Program Files\glassfish-3.1.2.2\glassfish\modules\org.eclipse.persistence.asm.jar;E:\Program Files\glassfish-3.1.2.2\glassfish\modules\org.eclipse.persistence.core.jar;E:\Program Files\glassfish-3.1.2.2\glassfish\modules\org.eclipse.persistence.jpa.jar;E:\Program Files\glassfish-3.1.2.2\glassfish\modules\org.eclipse.persistence.jpa.modelgen.jar;E:\Program Files\glassfish-3.1.2.2\glassfish\modules\org.eclipse.persistence.moxy.jar;E:\Program Files\glassfish-3.1.2.2\glassfish\modules\org.eclipse.persistence.oracle.jar;E:\Program Files\glassfish-3.1.2.2\glassfish\modules\javax.persistence.jar" />
    <property name="libs.javaee-web-api-6.0.classpath" value="E:\Program Files\NetBeans 7.2.1\enterprise\modules\ext\javaee-web-api-6.0.jar" />
    <property name="libs.hibernate-support.maven-pom" value="" />
    <property name="libs.hibernate-support.javadoc" value="" />
    <property name="jdk.home" value="E:\Program Files\Java\jdk1.7.0_09" />
    <property name="libs.javac-api.src" value="" />
    <property name="javadoc.noindex" value="false" />
    <property name="sun.os.patch.level" value="Service Pack 1" />
    <property name="deployments.WebDAV.default.deployment.webdav.port" value="80" />
    <property name="java.vm.specification.name" value="Java Virtual Machine Specification" />
    <property name="libs.semc-ant-utils.classpath" value="E:\Program Files\NetBeans 7.2.1\mobility\modules\ext\org-netbeans-modules-j2me-cdc-project-semc.jar" />
    <property name="nb.show.statistics.ui" value="usageStatisticsEnabled" />
    <property name="libs.nokiadeployment.classpath" value="E:\Program Files\NetBeans 7.2.1\mobility\modules\org-netbeans-modules-mobility-deployment-nokia.jar" />
    <property name="netbeans.autoupdate.variant" value="" />
    <property name="have.tests" value="true" />
    <property name="libs.nokiaS80-ant-utils.maven-pom" value="" />
    <property name="org.xml.sax.driver" value="com.sun.org.apache.xerces.internal.jaxp.SAXParserImpl$JAXPSAXParser" />
    <property name="libs.javac-api.javadoc" value="" />
    <property name="os.name" value="Windows 7" />
    <property name="libs.beans-binding.classpath" value="E:\Program Files\NetBeans 7.2.1\java\modules\ext\beansbinding-1.2.1.jar" />
    <property name="ap.proc.none.internal" value="" />
    <property name="libs.restapi.javadoc" value="E:\Program Files\NetBeans 7.2.1\enterprise\docs\jsr311-api-1.1.1-javadoc.zip" />
    <property name="libs.JWSAntTasks.maven-pom" value="" />
    <property name="libs.testng.src" value="" />
    <property name="libs.ojec-ant-utils.src" value="" />
    <property name="libs.spring-webmvc3.0.src" value="" />
    <property name="libs.restapi.classpath" value="E:\Program Files\NetBeans 7.2.1\enterprise\modules\ext\rest\jsr311-api-1.1.1.jar" />
    <property name="java.vendor.url.bug" value="http://bugreport.sun.com/bugreport/" />
    <property name="libs.jaxb.maven-pom" value="" />
    <property name="os.arch" value="amd64" />
    <property name="libs.eclipselink.src" value="" />
    <property name="user.name" value="Allen" />
    <property name="libs.jsf12.javadoc" value="E:\Program Files\NetBeans 7.2.1\enterprise\docs\javaee6-doc-api.zip" />
    <property name="libs.Comet-GlassFish-v3.javadoc" value="" />
    <property name="copylibs.rebase" value="true" />
    <property name="libs.spring-webmvc3.0.maven-pom" value="" />
    <property name="libs.swing-layout.maven-pom" value="" />
    <property name="sun.java.command" value="org.apache.tools.ant.taskdefs.optional.junit.JUnitTestRunner samp.GameTest filtertrace=true haltOnError=false haltOnFailure=false showoutput=true outputtoformatters=true logfailedtests=true logtestlistenerevents=true formatter=org.apache.tools.ant.taskdefs.optional.junit.BriefJUnitResultFormatter formatter=org.apache.tools.ant.taskdefs.optional.junit.XMLJUnitResultFormatter,H:\Documents\Math 410\poop\originaltest\build\test\results\TEST-samp.GameTest.xml crashfile=H:\Documents\Math 410\poop\originaltest\build\junitvmwatcher1985335887372340805.properties propsfile=H:\Documents\Math 410\poop\originaltest\build\junit2189382331525734819.properties" />
    <property name="build.classes.dir" value="build/classes" />
    <property name="platforms.Default_JavaFX_Platform.home" value="E:\Program Files\Java\jdk1.7.0_09" />
    <property name="netbeans.accept_license_class" value="org.netbeans.license.AcceptLicense" />
    <property name="libs.Java-EE-GlassFish-v3.wsjwsdp" value="" />
    <property name="build.sysclasspath" value="ignore" />
    <property name="ap.supported.internal" value="true" />
    <property name="ant.file.type.originaltest" value="file" />
    <property name="libs.jaxws21.javadoc" value="E:\Program Files\NetBeans 7.2.1\java\docs\jaxws-api-doc.zip" />
    <property name="includes" value="**" />
    <property name="libs.ojec-ant-utils.maven-pom" value="" />
    <property name="user.country" value="US" />
    <property name="libs.jstl11.javadoc" value="E:\Program Files\NetBeans 7.2.1\enterprise\docs\javaee6-doc-api.zip" />
    <property name="libs.JMUnit4CLDC11.src" value="" />
    <property name="javadoc.encoding" value="UTF-8" />
    <property name="javac.classpath" value="" />
    <property name="libs.jsp-compilation-syscp.src" value="" />
    <property name="libs.JAVADB_DRIVER_LABEL.src" value="" />
    <property name="platforms.Default_JavaFX_Platform.javafx.javadoc" value="http://docs.oracle.com/javafx/2/api/" />
    <property name="ant.file.type.originaltest-impl" value="file" />
    <property name="debug-transport" value="dt_shmem" />
    <property name="netbeans.home" value="E:\Program Files\NetBeans 7.2.1\platform" />
    <property name="build.compiler.emacs" value="true" />
    <property name="libs.javaee-web-api-6.0.src" value="" />
    <property name="libs.ejb3-persistence.src" value="" />
    <property name="libs.Java-EE-GlassFish-v3.javadoc" value="E:\Program Files\NetBeans 7.2.1\enterprise\docs\javaee6-doc-api.zip" />
    <property name="libs.jsp-compilation-syscp.classpath" value="E:\Program Files\NetBeans 7.2.1\java\ant\lib\ant.jar;E:\Program Files\NetBeans 7.2.1\enterprise\modules\ext\servlet3.0-jsp2.2-api.jar;E:\Program Files\NetBeans 7.2.1\enterprise\modules\ext\glassfish-jspparser-3.0.jar;E:\Program Files\NetBeans 7.2.1\enterprise\modules\ext\standard.jar;E:\Program Files\NetBeans 7.2.1\enterprise\modules\ext\jsf-2_1\jsf-impl.jar" />
    <property name="libs.nokiaS80-ant-utils.src" value="" />
    <property name="libs.cdc-pp-awt-layout.javadoc" value="" />
    <property name="libs.j2me_ant_ext.classpath" value="E:\Program Files\NetBeans 7.2.1\mobility\modules\org-netbeans-modules-mobility-antext.jar;E:\Program Files\NetBeans 7.2.1\java\modules\org-netbeans-modules-classfile.jar" />
    <property name="java.endorsed.dirs" value="E:\Program Files\Java\jdk1.7.0_09\jre\lib\endorsed" />
    <property name="libs.Comet-GlassFish-v3.maven-pom" value="" />
    <property name="libs.groovy-all.src" value="" />
    <property name="netbeans.dynamic.classpath" value="E:\Program Files\NetBeans 7.2.1\platform\core\core.jar;E:\Program Files\NetBeans 7.2.1\platform\core\org-openide-filesystems.jar;E:\Program Files\NetBeans 7.2.1\platform\core\locale\core_ja.jar;E:\Program Files\NetBeans 7.2.1\platform\core\locale\core_pt_BR.jar;E:\Program Files\NetBeans 7.2.1\platform\core\locale\core_ru.jar;E:\Program Files\NetBeans 7.2.1\platform\core\locale\core_zh_CN.jar;E:\Program Files\NetBeans 7.2.1\platform\core\locale\org-openide-filesystems_ja.jar;E:\Program Files\NetBeans 7.2.1\platform\core\locale\org-openide-filesystems_pt_BR.jar;E:\Program Files\NetBeans 7.2.1\platform\core\locale\org-openide-filesystems_ru.jar;E:\Program Files\NetBeans 7.2.1\platform\core\locale\org-openide-filesystems_zh_CN.jar;E:\Program Files\NetBeans 7.2.1\nb\core\org-netbeans-upgrader.jar;E:\Program Files\NetBeans 7.2.1\nb\core\locale\core_nb.jar;E:\Program Files\NetBeans 7.2.1\nb\core\locale\core_nb_ja.jar;E:\Program Files\NetBeans 7.2.1\nb\core\locale\core_nb_pt_BR.jar;E:\Program Files\NetBeans 7.2.1\nb\core\locale\core_nb_ru.jar;E:\Program Files\NetBeans 7.2.1\nb\core\locale\core_nb_zh_CN.jar;E:\Program Files\NetBeans 7.2.1\nb\core\locale\org-netbeans-upgrader_ja.jar;E:\Program Files\NetBeans 7.2.1\nb\core\locale\org-netbeans-upgrader_pt_BR.jar;E:\Program Files\NetBeans 7.2.1\nb\core\locale\org-netbeans-upgrader_ru.jar;E:\Program Files\NetBeans 7.2.1\nb\core\locale\org-netbeans-upgrader_zh_CN.jar" />
    <property name="libs.cdc-agui-swing-layout.maven-pom" value="" />
    <property name="libs.cdc-pp-awt-layout.src" value="E:\Program Files\NetBeans 7.2.1\mobility\sources\cdc-pp-awt-layout-src.zip" />
    <property name="java.vm.specification.version" value="1.7" />
    <property name="libs.jakarta_slide_ant_webdav.src" value="" />
    <property name="libs.primefaces.classpath" value="E:\Program Files\NetBeans 7.2.1\enterprise\modules\ext\primefaces\primefaces-3.2.jar" />
    <property name="libs.javaee-api-6.0.classpath" value="E:\Program Files\NetBeans 7.2.1\enterprise\modules\ext\javaee-api-6.0.jar" />
    <property name="libs.sjmc-ant-utils.maven-pom" value="" />
    <property name="libs.groovy-all.maven-pom" value="" />
    <property name="libs.JMUnit4CLDC10.maven-pom" value="" />
    <property name="netbeans.productversion" value="NetBeans IDE 7.2.1 (Build 201210100934)" />
    <property name="libs.hibernate-persistence.classpath" value="E:\Program Files\NetBeans 7.2.1\java\modules\ext\hibernate\antlr-2.7.6.jar;E:\Program Files\NetBeans 7.2.1\java\modules\ext\hibernate\asm.jar;E:\Program Files\NetBeans 7.2.1\java\modules\ext\hibernate\asm-attrs.jar;E:\Program Files\NetBeans 7.2.1\java\modules\ext\hibernate\cglib-2.1.3.jar;E:\Program Files\NetBeans 7.2.1\java\modules\ext\hibernate\commons-collections-2.1.1.jar;E:\Program Files\NetBeans 7.2.1\ide\modules\org-apache-commons-logging.jar;E:\Program Files\NetBeans 7.2.1\java\modules\ext\hibernate\dom4j-1.6.1.jar;E:\Program Files\NetBeans 7.2.1\java\modules\ext\hibernate\ehcache-1.2.3.jar;E:\Program Files\NetBeans 7.2.1\java\modules\ext\hibernate\jdbc2_0-stdext.jar;E:\Program Files\NetBeans 7.2.1\java\modules\ext\hibernate\jta.jar;E:\Program Files\NetBeans 7.2.1\java\modules\ext\hibernate\hibernate3.jar;E:\Program Files\NetBeans 7.2.1\java\modules\ext\hibernate\hibernate-tools.jar;E:\Program Files\NetBeans 7.2.1\java\modules\ext\hibernate\hibernate-annotations.jar;E:\Program Files\NetBeans 7.2.1\java\modules\ext\hibernate\hibernate-commons-annotations.jar;E:\Program Files\NetBeans 7.2.1\java\modules\ext\hibernate\hibernate-entitymanager.jar;E:\Program Files\NetBeans 7.2.1\java\modules\ext\hibernate\javassist.jar;E:\Program Files\NetBeans 7.2.1\java\modules\ext\hibernate\ejb3-persistence.jar" />
    <property name="libs.jaxws21.src" value="" />
    <property name="do.archive" value="true" />
    <property name="jcplatform.javacard_default.devicespath" value="C:\Users\Allen\AppData\Roaming\NetBeans\7.2.1\config\org-netbeans-modules-javacard\servers\javacard_default" />
    <property name="netbeans.autoupdate.language" value="en" />
    <property name="libs.jakarta_slide_ant_webdav.classpath" value="E:\Program Files\NetBeans 7.2.1\mobility\modules\ext\commons-httpclient-3.0.1.jar;E:\Program Files\NetBeans 7.2.1\ide\modules\org-apache-commons-logging.jar;E:\Program Files\NetBeans 7.2.1\mobility\modules\ext\jdom-1.0.jar;E:\Program Files\NetBeans 7.2.1\mobility\modules\ext\jakarta-slide-webdavlib-2.1.jar;E:\Program Files\NetBeans 7.2.1\mobility\modules\ext\jakarta-slide-ant-webdav-2.1.jar" />
    <property name="java.vendor" value="Oracle Corporation" />
    <property name="libs.JMUnit4CLDC10.src" value="" />
    <property name="libs.javaee-api-6.0.javadoc" value="E:\Program Files\NetBeans 7.2.1\enterprise\docs\javaee6-doc-api.zip" />
    <property name="jar.index.metainf" value="false" />
    <property name="javac.debug" value="true" />
    <property name="javadoc.splitindex" value="true" />
    <property name="file.separator" value="\" />
    <property name="platforms.Oracle_Java_TM__Platform_Micro_Edition_SDK_3_2.preverifycommandline" value="" />
    <property name="libs.junit_4.maven-pom" value="" />
    <property name="deployments.Scp.default.deployment.scp.keyfile" value="" />
    <property name="mkdist.disabled" value="true" />
    <property name="javac.test.processorpath" value=":build/classes:E:\Program Files\NetBeans 7.2.1\java\modules\ext\junit-3.8.2.jar" />
    <property name="netbeans.buildnumber" value="201210100934" />
    <property name="libs.JWSAntTasks.javadoc" value="" />
    <property name="build.generated.sources.dir" value="build/generated-sources" />
    <property name="user.variant" value="" />
    <property name="libs.eclipselinkmodelgen.classpath" value="E:\Program Files\NetBeans 7.2.1\java\modules\ext\eclipselink\org.eclipse.persistence.jpa.modelgen.processor-2.3.2.jar" />
    <property name="libs.Java-EE-GlassFish-v3.wscompile" value="" />
    <property name="sun.java.launcher" value="SUN_STANDARD" />
    <property name="libs.junit.classpath" value="E:\Program Files\NetBeans 7.2.1\java\modules\ext\junit-3.8.2.jar" />
    <property name="libs.jaxb.javadoc" value="E:\Program Files\NetBeans 7.2.1\ide\docs\jaxb-api-doc.zip" />
    <property name="libs.struts.classpath" value="E:\Program Files\NetBeans 7.2.1\enterprise\modules\ext\struts\antlr-2.7.2.jar;E:\Program Files\NetBeans 7.2.1\enterprise\modules\ext\struts\bsf-2.3.0.jar;E:\Program Files\NetBeans 7.2.1\enterprise\modules\ext\struts\commons-beanutils-1.8.0.jar;E:\Program Files\NetBeans 7.2.1\enterprise\modules\ext\struts\commons-chain-1.2.jar;E:\Program Files\NetBeans 7.2.1\enterprise\modules\ext\struts\commons-digester-1.8.jar;E:\Program Files\NetBeans 7.2.1\enterprise\modules\ext\struts\commons-fileupload-1.1.1.jar;E:\Program Files\NetBeans 7.2.1\enterprise\modules\ext\struts\commons-io-1.1.jar;E:\Program Files\NetBeans 7.2.1\enterprise\modules\ext\struts\commons-logging-1.0.4.jar;E:\Program Files\NetBeans 7.2.1\enterprise\modules\ext\struts\commons-validator-1.3.1.jar;E:\Program Files\NetBeans 7.2.1\enterprise\modules\ext\struts\jstl-1.0.2.jar;E:\Program Files\NetBeans 7.2.1\enterprise\modules\ext\struts\oro-2.0.8.jar;E:\Program Files\NetBeans 7.2.1\enterprise\modules\ext\struts\standard-1.0.6.jar;E:\Program Files\NetBeans 7.2.1\enterprise\modules\ext\struts\struts-core-1.3.10.jar;E:\Program Files\NetBeans 7.2.1\enterprise\modules\ext\struts\struts-el-1.3.10.jar;E:\Program Files\NetBeans 7.2.1\enterprise\modules\ext\struts\struts-extras-1.3.10.jar;E:\Program Files\NetBeans 7.2.1\enterprise\modules\ext\struts\struts-faces-1.3.10.jar;E:\Program Files\NetBeans 7.2.1\enterprise\modules\ext\struts\struts-mailreader-dao-1.3.10.jar;E:\Program Files\NetBeans 7.2.1\enterprise\modules\ext\struts\struts-scripting-1.3.10.jar;E:\Program Files\NetBeans 7.2.1\enterprise\modules\ext\struts\struts-taglib-1.3.10.jar;E:\Program Files\NetBeans 7.2.1\enterprise\modules\ext\struts\struts-tiles-1.3.10.jar" />
    <property name="ant.home" value="E:\Program Files\NetBeans 7.2.1\java\ant" />
    <property name="libs.junit_4.src" value="E:\Program Files\NetBeans 7.2.1\java\docs\junit-4.10-sources.jar" />
    <property name="libs.testng.classpath" value="E:\Program Files\NetBeans 7.2.1\platform\modules\ext\testng-6.5.1-dist.jar" />
    <property name="libs.absolutelayout.maven-pom" value="" />
    <property name="ant.java.version" value="1.7" />
    <property name="java.library.path" value="E:\Program Files\Java\jdk1.7.0_09\jre\bin;C:\Windows\Sun\Java\bin;C:\Windows\system32;C:\Windows;C:\Program Files\Broadcom\Broadcom 802.11 Network Adapter;;C:\Program Files\Common Files\Microsoft Shared\Windows Live;E:\WinAVR-20100110\bin;E:\WinAVR-20100110\utils\bin;C:\Program Files (x86)\NVIDIA Corporation\PhysX\Common;C:\GTK\bin;E:\Program Files (x86)\QuickTime\QTSystem\;C:\Program Files (x86)\Microsoft SQL Server\100\Tools\Binn\;C:\Program Files\Microsoft SQL Server\100\Tools\Binn\;C:\Program Files\Microsoft SQL Server\100\DTS\Binn\;E:\Go\bin;E:\Program Files\Java\jdk1.7.0_09\bin\;C:\Windows;C:\Windows\system32;C:\Program Files\WIDCOMM\Bluetooth Software\;C:\Program Files\WIDCOMM\Bluetooth Software\syswow64;C:\Program Files\Broadcom\WHL\;C:\Program Files\Broadcom\WHL\syswow64;C:\Program Files\Broadcom\WHL\SysWow64\;C:\Program Files\Broadcom\WHL\SysWow64\syswow64;C:\Program Files\Common Files\Microsoft Shared\Windows Live;." />
    <property name="javadoc.author" value="false" />
    <property name="platforms.Oracle_Java_TM__Platform_Micro_Edition_SDK_3_2.home" value="E:\Program Files\NetBeans 7.2.1\mobility\Java_ME_platform_SDK_3.2" />
    <property name="libs.metro.maven-pom" value="" />
    <property name="platforms.CDC_Oracle_Java_TM__Platform_Micro_Edition_SDK_3_2.home" value="E:\Program Files\NetBeans 7.2.1\mobility\Java_ME_platform_SDK_3.2" />
    <property name="libs.EclipseLink-GlassFish-v3.src" value="" />
    <property name="java.util.logging.config.class" value="org.netbeans.core.startup.TopLogging" />
    <property name="libs.PostgreSQLDriver.src" value="" />
    <property name="deployment.WebDAV.scriptfile" value="E:\Program Files\NetBeans 7.2.1\mobility\modules\scr\deploy-webdav-impl.xml" />
    <property name="sun.arch.data.model" value="64" />
    <property name="basedir" value="H:\Documents\Math 410\poop\originaltest" />
    <property name="libs.jpa20-persistence.maven-pom" value="" />
    <property name="jar.compress" value="false" />
    <property name="libs.jstl11.classpath" value="E:\Program Files\NetBeans 7.2.1\enterprise\modules\ext\standard.jar;E:\Program Files\NetBeans 7.2.1\enterprise\modules\ext\jstl.jar" />
    <property name="path.separator" value=";" />
    <property name="libs.javaee-web-api-6.0.javadoc" value="E:\Program Files\NetBeans 7.2.1\enterprise\docs\javaee6-doc-api.zip" />
    <property name="ant.junit.enabletestlistenerevents" value="true" />
    <property name="sun.io.unicode.encoding" value="UnicodeLittle" />
    <property name="libs.semc-ant-utils.javadoc" value="" />
    <property name="libs.jaxws21.classpath" value="E:\Program Files\NetBeans 7.2.1\ide\modules\ext\jaxb\jaxb-impl.jar;E:\Program Files\NetBeans 7.2.1\ide\modules\ext\jaxb\jaxb-xjc.jar;E:\Program Files\NetBeans 7.2.1\java\modules\ext\jaxws22\FastInfoset.jar;E:\Program Files\NetBeans 7.2.1\java\modules\ext\jaxws22\gmbal-api-only.jar;E:\Program Files\NetBeans 7.2.1\java\modules\ext\jaxws22\ha-api.jar;E:\Program Files\NetBeans 7.2.1\java\modules\ext\jaxws22\javax.mail_1.4.jar;E:\Program Files\NetBeans 7.2.1\java\modules\ext\jaxws22\jaxws-rt.jar;E:\Program Files\NetBeans 7.2.1\java\modules\ext\jaxws22\jaxws-tools.jar;E:\Program Files\NetBeans 7.2.1\java\modules\ext\jaxws22\management-api.jar;E:\Program Files\NetBeans 7.2.1\java\modules\ext\jaxws22\mimepull.jar;E:\Program Files\NetBeans 7.2.1\java\modules\ext\jaxws22\policy.jar;E:\Program Files\NetBeans 7.2.1\java\modules\ext\jaxws22\saaj-impl.jar;E:\Program Files\NetBeans 7.2.1\java\modules\ext\jaxws22\stax-ex.jar;E:\Program Files\NetBeans 7.2.1\java\modules\ext\jaxws22\stax2-api.jar;E:\Program Files\NetBeans 7.2.1\java\modules\ext\jaxws22\streambuffer.jar;E:\Program Files\NetBeans 7.2.1\java\modules\ext\jaxws22\woodstox-core-asl.jar;E:\Program Files\NetBeans 7.2.1\java\modules\ext\jaxws22\api\jaxws-api.jar;E:\Program Files\NetBeans 7.2.1\java\modules\ext\jaxws22\api\jsr181-api.jar;E:\Program Files\NetBeans 7.2.1\java\modules\ext\jaxws22\api\javax.annotation.jar;E:\Program Files\NetBeans 7.2.1\java\modules\ext\jaxws22\api\saaj-api.jar;E:\Program Files\NetBeans 7.2.1\ide\modules\ext\jaxb\activation.jar;E:\Program Files\NetBeans 7.2.1\ide\modules\ext\jaxb\api\jaxb-api.jar;E:\Program Files\NetBeans 7.2.1\ide\modules\ext\jaxb\api\jsr173_1.0_api.jar" />
    <property name="platforms.Oracle_Java_TM__Platform_Micro_Edition_SDK_3_2.debugcommandline" value="" />
    <property name="libs.struts.src" value="" />
    <property name="compile.on.save" value="true" />
    <property name="deployment.Scp.scriptfile" value="E:\Program Files\NetBeans 7.2.1\mobility\modules\scr\deploy-scp-impl.xml" />
    <property name="apple.awt.graphics.UseQuartz" value="true" />
    <property name="user.language" value="en" />
    <property name="deployments.WebDAV.default.deployment.webdav.password" value="" />
    <property name="testng.mode" value="testng" />
    <property name="libs.JAXB-ENDORSED.maven-pom" value="" />
    <property name="platforms.Oracle_Java_TM__Platform_Micro_Edition_SDK_3_2.runcommandline" value="" />
    <property name="deployments.Scp.default.deployment.scp.port" value="22" />
    <property name="libs.spring-framework.classpath" value="E:\Program Files\NetBeans 7.2.1\ide\modules\org-apache-commons-logging.jar;E:\Program Files\NetBeans 7.2.1\java\modules\ext\cglib-2.2.jar;E:\Program Files\NetBeans 7.2.1\java\modules\ext\spring\spring-2.5.6.SEC03.jar" />
    <property name="libs.eclipselink.maven-pom" value="" />
    <property name="libs.primefaces.javadoc" value="" />
    <property name="libs.spring-framework300.maven-pom" value="" />
    <property name="run.test.classpath" value=":build/classes:E:\Program Files\NetBeans 7.2.1\java\modules\ext\junit-3.8.2.jar:build/test/classes" />
    <property name="ant.project.invoked-targets" value="test" />
    <property name="deployments.DeviceAnywhere.default.deployment.deviceanywhere.password" value="" />
    <property name="libs.swing-layout.javadoc" value="E:\Program Files\NetBeans 7.2.1\platform\docs\swing-layout-1.0.4-doc.zip" />
    <property name="deployments.Ftp.default.deployment.ftp.server" value="" />
    <property name="libs.ejb3-persistence.maven-pom" value="" />
    <property name="libs.PostgreSQLDriver.maven-pom" value="" />
    <property name="java.class.version" value="51.0" />
    <property name="libs.JAVADB_DRIVER_LABEL.classpath" value="E:\Program Files\glassfish-3.1.2.2\javadb\lib\derby.jar;E:\Program Files\glassfish-3.1.2.2\javadb\lib\derbyclient.jar;E:\Program Files\glassfish-3.1.2.2\javadb\lib\derbynet.jar" />
    <property name="deployments.Ftp.default.deployment.ftp.password" value="" />
    <property name="libs.javaee-endorsed-api-6.0.src" value="" />
    <property name="libs.cdc-ant-utils.classpath" value="E:\Program Files\NetBeans 7.2.1\mobility\modules\ext\org-netbeans-modules-j2me-cdc-project.jar" />
    <property name="netbeans.system_http_proxy" value="DIRECT" />
    <property name="libs.eclipselink.javadoc" value="" />
    <property name="libs.jsp-compilation.maven-pom" value="" />
    <property name="user.properties.file" value="C:\Users\Allen\AppData\Roaming\NetBeans\7.2.1\build.properties" />
    <property name="runtime.encoding" value="UTF-8" />
    <property name="libs.spring-framework.src" value="" />
    <property name="libs.javac-api.maven-pom" value="" />
    <property name="file.encoding.pkg" value="sun.io" />
    <property name="sun.cpu.endian" value="little" />
    <property name="libs.JAXB-ENDORSED.javadoc" value="" />
    <property name="deployments.Scp.default.deployment.scp.password" value="" />
    <property name="libs.JWSAntTasks.classpath" value="E:\Program Files\NetBeans 7.2.1\java\ant\extra\org-netbeans-modules-javawebstart-anttasks.jar" />
    <property name="libs.spring-framework300.src" value="" />
    <property name="libs.ant-contrib.classpath" value="E:\Program Files\NetBeans 7.2.1\mobility\modules\ext\ant-contrib-1.0b3.jar" />
    <property name="deployment.DeviceAnywhere.scriptfile" value="E:\Program Files\NetBeans 7.2.1\mobility\modules\scr\deploy-deviceanywhere-impl.xml" />
    <property name="empty.dir" value="H:\Documents\Math 410\poop\originaltest\build\empty" />
    <property name="version-output" value="java version &quot;1.7" />
    <property name="javadoc.preview" value="true" />
    <property name="libs.jpa20-persistence.javadoc" value="" />
    <property name="nbplatform.default.harness.dir" value="E:\Program Files\NetBeans 7.2.1/harness" />
    <property name="java.home" value="E:\Program Files\Java\jdk1.7.0_09\jre" />
    <property name="libs.ojec-ant-utils.javadoc" value="" />
    <property name="libs.jsp-compilation.src" value="" />
    <property name="libs.spring-webmvc.src" value="" />
    <property name="libs.ant-contrib.javadoc" value="" />
    <property name="debug.test.classpath" value=":build/classes:E:\Program Files\NetBeans 7.2.1\java\modules\ext\junit-3.8.2.jar:build/test/classes" />
    <property name="libs.javaee-endorsed-api-6.0.classpath" value="E:\Program Files\NetBeans 7.2.1\enterprise\modules\ext\javaee6-endorsed\javax.annotation.jar;E:\Program Files\NetBeans 7.2.1\enterprise\modules\ext\javaee6-endorsed\jaxb-api-osgi.jar;E:\Program Files\NetBeans 7.2.1\enterprise\modules\ext\javaee6-endorsed\webservices-api-osgi.jar" />
    <property name="libs.javaee-api-6.0.src" value="" />
    <property name="netbeans.importclass" value="org.netbeans.upgrade.AutoUpgrade" />
    <property name="ant.project.default-target" value="default" />
    <property name="annotation.processing.run.all.processors" value="true" />
    <property name="libs.savaje-ant-utils.classpath" value="E:\Program Files\NetBeans 7.2.1\mobility\modules\ext\org-netbeans-modules-j2me-cdc-project-savaje.jar" />
    <property name="libs.PostgreSQLDriver.javadoc" value="" />
    <property name="libs.restlib.classpath" value="E:\Program Files\NetBeans 7.2.1\enterprise\modules\ext\rest\asm-3.1.jar;E:\Program Files\NetBeans 7.2.1\enterprise\modules\ext\rest\jackson-core-asl-1.7.1.jar;E:\Program Files\NetBeans 7.2.1\enterprise\modules\ext\rest\jackson-jaxrs-1.7.1.jar;E:\Program Files\NetBeans 7.2.1\enterprise\modules\ext\rest\jackson-mapper-asl-1.7.1.jar;E:\Program Files\NetBeans 7.2.1\enterprise\modules\ext\rest\jackson-xc-1.7.1.jar;E:\Program Files\NetBeans 7.2.1\enterprise\modules\ext\rest\jersey-apache-client-1.8.jar;E:\Program Files\NetBeans 7.2.1\enterprise\modules\ext\rest\jersey-atom-abdera-1.8.jar;E:\Program Files\NetBeans 7.2.1\enterprise\modules\ext\rest\jersey-client-1.8.jar;E:\Program Files\NetBeans 7.2.1\enterprise\modules\ext\rest\jersey-core-1.8.jar;E:\Program Files\NetBeans 7.2.1\enterprise\modules\ext\rest\jersey-guice-1.8.jar;E:\Program Files\NetBeans 7.2.1\enterprise\modules\ext\rest\jersey-json-1.8.jar;E:\Program Files\NetBeans 7.2.1\enterprise\modules\ext\rest\jersey-multipart-1.8.jar;E:\Program Files\NetBeans 7.2.1\enterprise\modules\ext\rest\jersey-server-1.8.jar;E:\Program Files\NetBeans 7.2.1\enterprise\modules\ext\rest\jersey-simple-server-1.8.jar;E:\Program Files\NetBeans 7.2.1\enterprise\modules\ext\rest\jersey-spring-1.8.jar;E:\Program Files\NetBeans 7.2.1\enterprise\modules\ext\rest\jettison-1.1.jar;E:\Program Files\NetBeans 7.2.1\enterprise\modules\ext\rest\oauth-client-1.8.jar;E:\Program Files\NetBeans 7.2.1\enterprise\modules\ext\rest\oauth-server-1.8.jar;E:\Program Files\NetBeans 7.2.1\enterprise\modules\ext\rest\oauth-signature-1.8.jar;E:\Program Files\NetBeans 7.2.1\ide\modules\ext\jaxb\activation.jar;E:\Program Files\NetBeans 7.2.1\ide\modules\ext\jaxb\api\jaxb-api.jar;E:\Program Files\NetBeans 7.2.1\ide\modules\ext\jaxb\api\jsr173_1.0_api.jar" />
    <property name="libs.JMUnit4CLDC11.javadoc" value="E:\Program Files\NetBeans 7.2.1\mobility\modules\docs\jmunit-1.2.1-api.zip" />
    <property name="libs.MySQLDriver.maven-pom" value="" />
    <property name="libs.savaje-ant-utils.src" value="" />
    <property name="deployments.DeviceAnywhere.default.deployment.deviceanywhere.userid" value="" />
    <property name="deployment.NokiaDeployment.scriptfile" value="E:\Program Files\NetBeans 7.2.1\mobility\modules\scr\deploy-nokia-impl.xml" />
    <property name="libs.junit_4.javadoc" value="E:\Program Files\NetBeans 7.2.1\java\docs\junit-4.10-javadoc.jar" />
    <property name="libs.spring-webmvc.javadoc" value="" />
    <property name="libs.EclipseLink-GlassFish-v3.maven-pom" value="" />
    <property name="libs.javaee-web-api-6.0.maven-pom" value="" />
    <property name="libs.cdc-pp-awt-layout.classpath" value="E:\Program Files\NetBeans 7.2.1\mobility\modules\ext\cdc-pp-awt-layout.jar" />
    <property name="libs.cdc-agui-swing-layout.src" value="E:\Program Files\NetBeans 7.2.1\mobility\sources\cdc-agui-swing-layout-src.zip" />
    <property name="run.classpath" value=":build/classes" />
    <property name="deployments.Scp.default.deployment.scp.server" value="" />
    <property name="libs.hibernate-support.src" value="" />
    <property name="jna.boot.library.name" value="jnidispatch-340" />
    <property name="libs.javaee-endorsed-api-6.0.javadoc" value="E:\Program Files\NetBeans 7.2.1\enterprise\docs\javaee6-doc-api.zip" />
    <property name="libs.JMUnit4CLDC11.classpath" value="E:\Program Files\NetBeans 7.2.1\mobility\modules\ext\jmunit4cldc11-1.2.1.jar" />
    <property name="libs.spring-webmvc3.0.javadoc" value="" />
    <property name="annotation.processing.enabled.in.editor" value="false" />
    <property name="libs.semc-ant-utils.maven-pom" value="" />
    <property name="deployments.Ftp.default.deployment.ftp.passive" value="false" />
    <property name="libs.nokiadeployment.maven-pom" value="" />
    <property name="libs.restapi.src" value="" />
    <property name="sun.management.compiler" value="HotSpot 64-Bit Tiered Compilers" />
    <property name="javac.deprecation" value="false" />
    <property name="javadoc.use" value="true" />
    <property name="sun.java2d.noddraw" value="true" />
    <property name="libs.jsp-compiler.classpath" value="E:\Program Files\NetBeans 7.2.1\enterprise\ant\extra\jspcompile.jar" />
    <property name="javac.processorpath" value="" />
    <property name="libs.spring-webmvc.classpath" value="E:\Program Files\NetBeans 7.2.1\enterprise\modules\ext\spring\spring-webmvc-2.5.6.SEC03.jar" />
    <property name="javac.compilerargs" value="" />
    <property name="ant.file" value="H:\Documents\Math 410\poop\originaltest\build.xml" />
    <property name="libs.beans-binding.maven-pom" value="" />
    <property name="libs.jsf12.classpath" value="E:\Program Files\NetBeans 7.2.1\enterprise\modules\ext\jsf-1_2\commons-beanutils.jar;E:\Program Files\NetBeans 7.2.1\enterprise\modules\ext\jsf-1_2\commons-collections.jar;E:\Program Files\NetBeans 7.2.1\enterprise\modules\ext\jsf-1_2\commons-digester.jar;E:\Program Files\NetBeans 7.2.1\enterprise\modules\ext\jsf-1_2\commons-logging.jar;E:\Program Files\NetBeans 7.2.1\enterprise\modules\ext\jsf-1_2\jsf-api.jar;E:\Program Files\NetBeans 7.2.1\enterprise\modules\ext\jsf-1_2\jsf-impl.jar" />
    <property name="libs.restapi.maven-pom" value="" />
    <property name="libs.beans-binding.src" value="" />
    <property name="java.vm.specification.vendor" value="Oracle Corporation" />
    <property name="platforms.CDC_Oracle_Java_TM__Platform_Micro_Edition_SDK_3_2.type" value="cdc-hi" />
    <property name="platforms.Oracle_Java_TM__Platform_Micro_Edition_SDK_3_2.type" value="UEI-1.0.1" />
    <property name="libs.swing-layout.src" value="E:\Program Files\NetBeans 7.2.1\platform\docs\swing-layout-1.0.4-src.zip" />
    <property name="libs.Java-EE-GlassFish-v3.embedabbleejb" value="" />
    <property name="libs.j2me_ant_ext.src" value="" />
    <property name="org.openide.major.version" value="IDE/1" />
    <property name="java.vm.name" value="Java HotSpot(TM) 64-Bit Server VM" />
    <property name="platforms.Default_JavaFX_Platform.compiler" value="modern" />
    <property name="netbeans.user" value="C:\Users\Allen\AppData\Roaming\NetBeans\7.2.1" />
    <property name="javadoc.additionalparam" value="" />
    <property name="java.io.tmpdir" value="C:\Users\Allen\AppData\Local\Temp\" />
    <property name="java.vendor.url" value="http://java.oracle.com/" />
    <property name="endorsed.classpath.cmd.line.arg" value="-Xbootclasspath/p:&apos;H:\Documents\Math 410\poop\originaltest\${endorsed.classpath}&apos;" />
    <property name="junit.available" value="true" />
    <property name="deployments.NokiaDeployment.default.deployment.nokia.deploytoalldevices" value="yes" />
    <property name="libs.jsp-compiler.src" value="" />
    <property name="sun.boot.library.path" value="E:\Program Files\Java\jdk1.7.0_09\jre\bin" />
    <property name="have.sources" value="true" />
    <property name="debug.classpath" value=":build/classes" />
    <property name="javadoc.private" value="false" />
    <property name="test.src.dir" value="test" />
    <property name="libs.jsf20.classpath" value="E:\Program Files\NetBeans 7.2.1\enterprise\modules\ext\jsf-2_1\jsf-api.jar;E:\Program Files\NetBeans 7.2.1\enterprise\modules\ext\jsf-2_1\jsf-impl.jar" />
    <property name="ap.processors.internal" value="" />
    <property name="meta.inf.dir" value="src/META-INF" />
    <property name="javadoc.encoding.used" value="UTF-8" />
    <property name="deployments.WebDAV.default.deployment.webdav.userid" value="" />
    <property name="dist.jar" value="dist/originaltest.jar" />
    <property name="java.runtime.name" value="Java(TM) SE Runtime Environment" />
    <property name="deployments.Scp.default.deployment.scp.usekeyfile" value="no" />
    <property name="ant.project.name" value="originaltest" />
    <property name="netbeans.hash.code" value="unique=NB_CND_GFMOD_GROOVY_JAVA_JC_MOB_PHP_WEBCOMMON_WEBEE042e3da85-6885-4e04-9a65-38ee22adc962_2d309f74-4b12-4cf5-90e2-9f43625761ac" />
    <property name="netbeans.default_userdir_root" value="C:\Users\Allen\AppData\Roaming\NetBeans" />
    <property name="libs.jsp-compilation-syscp.maven-pom" value="" />
    <property name="sun.cpu.isalist" value="amd64" />
    <property name="libs.j2me_ant_ext.maven-pom" value="" />
    <property name="libs.CopyLibs.javadoc" value="" />
    <property name="org.openide.specification.version" value="6.2" />
    <property name="libs.hibernate-support.classpath" value="E:\Program Files\NetBeans 7.2.1\java\modules\ext\hibernate\antlr-2.7.6.jar;E:\Program Files\NetBeans 7.2.1\java\modules\ext\hibernate\asm.jar;E:\Program Files\NetBeans 7.2.1\java\modules\ext\hibernate\asm-attrs.jar;E:\Program Files\NetBeans 7.2.1\java\modules\ext\hibernate\cglib-2.1.3.jar;E:\Program Files\NetBeans 7.2.1\java\modules\ext\hibernate\commons-collections-2.1.1.jar;E:\Program Files\NetBeans 7.2.1\ide\modules\org-apache-commons-logging.jar;E:\Program Files\NetBeans 7.2.1\java\modules\ext\hibernate\dom4j-1.6.1.jar;E:\Program Files\NetBeans 7.2.1\java\modules\ext\hibernate\ehcache-1.2.3.jar;E:\Program Files\NetBeans 7.2.1\java\modules\ext\hibernate\jdbc2_0-stdext.jar;E:\Program Files\NetBeans 7.2.1\java\modules\ext\hibernate\jta.jar;E:\Program Files\NetBeans 7.2.1\java\modules\ext\hibernate\hibernate3.jar;E:\Program Files\NetBeans 7.2.1\java\modules\ext\hibernate\hibernate-tools.jar;E:\Program Files\NetBeans 7.2.1\java\modules\ext\hibernate\hibernate-annotations.jar;E:\Program Files\NetBeans 7.2.1\java\modules\ext\hibernate\hibernate-commons-annotations.jar;E:\Program Files\NetBeans 7.2.1\java\modules\ext\hibernate\hibernate-entitymanager.jar;E:\Program Files\NetBeans 7.2.1\java\modules\ext\hibernate\javassist.jar" />
    <property name="user.home" value="C:\Users\Allen" />
    <property name="annotation.processing.processors.list" value="" />
    <property name="debug-args-line" value="-Xdebug" />
    <property name="libs.primefaces.maven-pom" value="" />
    <property name="libs.javaee-api-6.0.maven-pom" value="" />
    <property name="libs.JWSAntTasks.src" value="" />
    <property name="libs.CopyLibs.maven-pom" value="" />
    <property name="jar.index" value="false" />
    <property name="libs.absolutelayout.javadoc" value="" />
    <property name="libs.hibernate-persistence.maven-pom" value="" />
    <property name="libs.spring-framework300.javadoc" value="" />
    <property name="java.specification.name" value="Java Platform API Specification" />
    <property name="guice.disable.misplaced.annotation.check" value="true" />
    <property name="libs.jakarta_slide_ant_webdav.maven-pom" value="" />
    <property name="do.archive+main.class.available" value="true" />
    <property name="libs.sjmc-ant-utils.src" value="" />
    <property name="java.specification.vendor" value="Oracle Corporation" />
    <property name="libs.cdc-agui-swing-layout.javadoc" value="" />
    <property name="libs.javac-api.classpath" value="E:\Program Files\NetBeans 7.2.1\java\modules\ext\nb-javac-api.jar" />
    <property name="java.version" value="1.7.0_09" />
    <property name="libs.nokiaS80-ant-utils.classpath" value="E:\Program Files\NetBeans 7.2.1\mobility\modules\ext\org-netbeans-modules-j2me-cdc-project-nokiaS80.jar" />
    <property name="platforms.Default_JavaFX_Platform.javafx.runtime.home" value="E:\Program Files\Java\jdk1.7.0_09\jre" />
    <property name="javadoc.version" value="false" />
    <property name="run.jvmargs.ide" value="" />
    <property name="libs.MySQLDriver.javadoc" value="" />
    <property name="org.openide.version" value="deprecated" />
    <property name="source.encoding" value="UTF-8" />
    <property name="ap.cmd.line.internal" value="" />
    <property name="libs.eclipselinkmodelgen.maven-pom" value="" />
    <property name="libs.jsp-compilation-syscp.javadoc" value="" />
    <property name="libs.junit.maven-pom" value="" />
    <property name="libs.eclipselinkmodelgen.javadoc" value="" />
    <property name="libs.metro.javadoc" value="E:\Program Files\NetBeans 7.2.1\enterprise\docs\metro-1.4-doc.zip" />
    <property name="libs.struts.maven-pom" value="" />
    <property name="netbeans.home+have.tests" value="true" />
    <property name="annotation.processing.processor.options" value="" />
    <property name="libs.testng.maven-pom" value="" />
    <property name="libs.jaxb.src" value="" />
    <property name="libs.Java-EE-GlassFish-v3.wsgenerate" value="" />
    <property name="work.dir" value="H:\Documents\Math 410\poop\originaltest" />
    <property name="libs.cdc-ant-utils.src" value="" />
    <property name="libs.jaxb.classpath" value="E:\Program Files\NetBeans 7.2.1\ide\modules\ext\jaxb\jaxb-impl.jar;E:\Program Files\NetBeans 7.2.1\ide\modules\ext\jaxb\jaxb-xjc.jar;E:\Program Files\NetBeans 7.2.1\ide\modules\ext\jaxb\jaxb1-impl.jar;E:\Program Files\NetBeans 7.2.1\ide\modules\ext\jaxb\activation.jar;E:\Program Files\NetBeans 7.2.1\ide\modules\ext\jaxb\api\jaxb-api.jar;E:\Program Files\NetBeans 7.2.1\ide\modules\ext\jaxb\api\jsr173_1.0_api.jar" />
    <property name="deployment.Ftp.scriptfile" value="E:\Program Files\NetBeans 7.2.1\mobility\modules\scr\deploy-ftp-impl.xml" />
    <property name="do.depend" value="false" />
    <property name="dist.javadoc.dir" value="dist/javadoc" />
    <property name="libs.spring-webmvc3.0.classpath" value="E:\Program Files\NetBeans 7.2.1\java\modules\ext\spring-3.0\spring-webmvc-3.1.1.RELEASE.jar" />
    <property name="libs.swing-layout.classpath" value="E:\Program Files\NetBeans 7.2.1\platform\modules\ext\swing-layout-1.0.4.jar" />
    <property name="deployments.Ftp.default.deployment.ftp.port" value="21" />
    <property name="libs.restlib.src" value="" />
    <property name="javac.source" value="1.7" />
    <property name="build.generated.dir" value="build/generated" />
    <property name="line.separator" value="&#xd;&#xa;" />
    <property name="libs.hibernate-persistence.src" value="" />
    <property name="java.specification.version" value="1.7" />
    <property name="java.vm.info" value="mixed mode" />
    <property name="libs.jaxws21.maven-pom" value="" />
    <property name="libs.cdc-ant-utils.javadoc" value="" />
    <property name="nb.junit.batch" value="true" />
    <property name="junit.forkmode" value="perTest" />
    <property name="libs.ojec-ant-utils.classpath" value="E:\Program Files\NetBeans 7.2.1\mobility\modules\ext\org-netbeans-modules-j2me-cdc-project-ojec.jar" />
    <property name="libs.spring-framework.maven-pom" value="" />
    <property name="sun.boot.class.path" value="H:\Documents\Math 410\poop\originaltest\${endorsed.classpath};E:\Program Files\Java\jdk1.7.0_09\jre\lib\resources.jar;E:\Program Files\Java\jdk1.7.0_09\jre\lib\rt.jar;E:\Program Files\Java\jdk1.7.0_09\jre\lib\sunrsasign.jar;E:\Program Files\Java\jdk1.7.0_09\jre\lib\jsse.jar;E:\Program Files\Java\jdk1.7.0_09\jre\lib\jce.jar;E:\Program Files\Java\jdk1.7.0_09\jre\lib\charsets.jar;E:\Program Files\Java\jdk1.7.0_09\jre\lib\jfr.jar;E:\Program Files\Java\jdk1.7.0_09\jre\classes" />
    <property name="javac.target" value="1.7" />
    <property name="built-jar.properties" value="H:\Documents\Math 410\poop\originaltest\build\built-jar.properties" />
    <property name="build.test.classes.dir" value="build/test/classes" />
    <property name="src.dir" value="src" />
    <property name="platforms.Default_JavaFX_Platform.bootclasspath" value="E:\Program Files\Java\jdk1.7.0_09\jre\lib\resources.jar;E:\Program Files\Java\jdk1.7.0_09\jre\lib\rt.jar;E:\Program Files\Java\jdk1.7.0_09\jre\lib\sunrsasign.jar;E:\Program Files\Java\jdk1.7.0_09\jre\lib\jsse.jar;E:\Program Files\Java\jdk1.7.0_09\jre\lib\jce.jar;E:\Program Files\Java\jdk1.7.0_09\jre\lib\charsets.jar;E:\Program Files\Java\jdk1.7.0_09\jre\lib\jfr.jar;E:\Program Files\Java\jdk1.7.0_09\jre\classes;E:\Program Files\Java\jdk1.7.0_09\jre\lib\ext\access-bridge-64.jar;E:\Program Files\Java\jdk1.7.0_09\jre\lib\ext\dnsns.jar;E:\Program Files\Java\jdk1.7.0_09\jre\lib\ext\jaccess.jar;E:\Program Files\Java\jdk1.7.0_09\jre\lib\ext\localedata.jar;E:\Program Files\Java\jdk1.7.0_09\jre\lib\ext\sunec.jar;E:\Program Files\Java\jdk1.7.0_09\jre\lib\ext\sunjce_provider.jar;E:\Program Files\Java\jdk1.7.0_09\jre\lib\ext\sunmscapi.jar;E:\Program Files\Java\jdk1.7.0_09\jre\lib\ext\zipfs.jar" />
    <property name="sun.awt.keepWorkingSetOnMinimize" value="true" />
    <property name="annotation.processing.enabled" value="true" />
    <property name="libs.jsf20.src" value="" />
    <property name="libs.jpa20-persistence.src" value="" />
    <property name="libs.jsf12.src" value="" />
    <property name="libs.nokiadeployment.src" value="" />
    <property name="libs.savaje-ant-utils.javadoc" value="" />
    <property name="libs.JAVADB_DRIVER_LABEL.maven-pom" value="" />
    <property name="nbplatform.default.netbeans.dest.dir" value="E:\Program Files\NetBeans 7.2.1" />
    <property name="libs.struts.javadoc" value="E:\Program Files\NetBeans 7.2.1\enterprise\docs\struts-1.3.10-javadoc.zip" />
    <property name="ignore.failing.tests" value="true" />
    <property name="libs.cdc-ant-utils.maven-pom" value="" />
    <property name="libs.Comet-GlassFish-v3.classpath" value="E:\Program Files\glassfish-3.1.2.2\glassfish\modules\grizzly-comet.jar" />
    <property name="libs.primefaces.src" value="" />
    <property name="libs.cdc-agui-swing-layout.classpath" value="E:\Program Files\NetBeans 7.2.1\mobility\modules\ext\cdc-agui-swing-layout.jar" />
    <property name="deployments.Ftp.default.deployment.ftp.separator" value="/" />
    <property name="dist.dir" value="dist" />
    <property name="libs.groovy-all.javadoc" value="" />
    <property name="deployments.NokiaDeployment.default.deployment.nokia.selecteddevices" value="" />
    <property name="testng.debug.mode" value="" />
    <property name="libs.groovy-all.classpath" value="E:\Program Files\NetBeans 7.2.1\groovy\modules\ext\groovy-all.jar" />
    <property name="javac.fork" value="false" />
    <property name="libs.sjmc-ant-utils.classpath" value="E:\Program Files\NetBeans 7.2.1\mobility\modules\ext\org-netbeans-modules-j2me-cdc-project-sjmc.jar" />
    <property name="java.awt.printerjob" value="sun.awt.windows.WPrinterJob" />
    <property name="libs.JMUnit4CLDC10.classpath" value="E:\Program Files\NetBeans 7.2.1\mobility\modules\ext\jmunit4cldc10-1.2.1.jar" />
    <property name="default.javac.source" value="1.7" />
    <property name="debug-transport-by-os" value="dt_shmem" />
    <property name="libs.MySQLDriver.src" value="" />
    <property name="sun.jnu.encoding" value="Cp1252" />
    <property name="deployment.Copy.scriptfile" value="E:\Program Files\NetBeans 7.2.1\mobility\modules\scr\deploy-copy-impl.xml" />
    <property name="libs.ant-contrib.maven-pom" value="" />
    <property name="libs.nokiadeployment.javadoc" value="" />
    <property name="build.test.results.dir" value="build/test/results" />
    <property name="java.runtime.version" value="1.7.0_09-b05" />
    <property name="libs.ejb3-persistence.javadoc" value="" />
    <property name="libs.sjmc-ant-utils.javadoc" value="" />
    <property name="default.javac.target" value="1.7" />
    <property name="libs.Java-EE-GlassFish-v3.src" value="" />
    <property name="libs.junit_4.classpath" value="E:\Program Files\NetBeans 7.2.1\platform\modules\ext\junit-4.10.jar" />
    <property name="user.timezone" value="" />
    <property name="nb.junit.single" value="false" />
    <property name="libs.JAVADB_DRIVER_LABEL.javadoc" value="" />
    <property name="libs.ant-contrib.src" value="" />
    <property name="libs.javaee-endorsed-api-6.0.maven-pom" value="" />
    <property name="netbeans.dirs" value="E:\Program Files\NetBeans 7.2.1\nb;E:\Program Files\NetBeans 7.2.1\ergonomics;E:\Program Files\NetBeans 7.2.1\ide;E:\Program Files\NetBeans 7.2.1\java;E:\Program Files\NetBeans 7.2.1\apisupport;E:\Program Files\NetBeans 7.2.1\webcommon;E:\Program Files\NetBeans 7.2.1\websvccommon;E:\Program Files\NetBeans 7.2.1\enterprise;E:\Program Files\NetBeans 7.2.1\mobility;E:\Program Files\NetBeans 7.2.1\profiler;E:\Program Files\NetBeans 7.2.1\python;E:\Program Files\NetBeans 7.2.1\php;E:\Program Files\NetBeans 7.2.1\identity;E:\Program Files\NetBeans 7.2.1\harness;E:\Program Files\NetBeans 7.2.1\cnd;E:\Program Files\NetBeans 7.2.1\dlight;E:\Program Files\NetBeans 7.2.1\groovy;E:\Program Files\NetBeans 7.2.1\extra;E:\Program Files\NetBeans 7.2.1\javacard;E:\Program Files\NetBeans 7.2.1\javafx" />
    <property name="platforms.Default_JavaFX_Platform.javafx.sdk.home" value="E:\Program Files\Java\jdk1.7.0_09" />
    <property name="libs.jsf20.javadoc" value="E:\Program Files\NetBeans 7.2.1\enterprise\docs\javaee6-doc-api.zip" />
    <property name="java.ext.dirs" value="E:\Program Files\Java\jdk1.7.0_09\jre\lib\ext;C:\Windows\Sun\Java\lib\ext" />
    <property name="libs.metro.src" value="" />
    <property name="libs.semc-ant-utils.src" value="" />
    <property name="libs.savaje-ant-utils.maven-pom" value="" />
    <property name="libs.absolutelayout.classpath" value="E:\Program Files\NetBeans 7.2.1\java\modules\ext\AbsoluteLayout.jar" />
    <property name="excludes" value="" />
    <property name="libs.restlib.maven-pom" value="" />
    <property name="libs.metro.classpath" value="E:\Program Files\NetBeans 7.2.1\ide\modules\ext\jaxb\activation.jar;E:\Program Files\NetBeans 7.2.1\enterprise\modules\ext\metro\webservices-api.jar;E:\Program Files\NetBeans 7.2.1\enterprise\modules\ext\metro\webservices-extra-api.jar;E:\Program Files\NetBeans 7.2.1\enterprise\modules\ext\metro\webservices-extra.jar;E:\Program Files\NetBeans 7.2.1\enterprise\modules\ext\metro\webservices-rt.jar;E:\Program Files\NetBeans 7.2.1\enterprise\modules\ext\metro\webservices-tools.jar" />
    <property name="java.class.path" value="H:\Documents\Math 410\poop\originaltest\build\classes;E:\Program Files\NetBeans 7.2.1\java\modules\ext\junit-3.8.2.jar;H:\Documents\Math 410\poop\originaltest\build\test\classes;H:\Documents\Math 410\poop\originaltest;C:\Program Files (x86)\Java\jre7\lib\ext\QTJava.zip;E:\Program Files\Java\jdk1.7.0_09\jre\bin.;E:\Program Files\NetBeans 7.2.1\java\ant\lib\ant-launcher.jar;E:\Program Files\NetBeans 7.2.1\java\ant\lib\ant.jar;E:\Program Files\NetBeans 7.2.1\java\ant\lib\ant-junit.jar;E:\Program Files\NetBeans 7.2.1\java\ant\lib\ant-junit4.jar" />
    <property name="apple.laf.useScreenMenuBar" value="true" />
    <property name="libs.absolutelayout.src" value="" />
    <property name="libs.jpa20-persistence.classpath" value="E:\Program Files\NetBeans 7.2.1\java\modules\ext\eclipselink\javax.persistence-2.0.3.jar" />
    <property name="libs.cdc-pp-awt-layout.maven-pom" value="" />
    <property name="os.version" value="6.1" />
    <property name="application.args" value="" />
    <property name="ant.file.originaltest" value="H:\Documents\Math 410\poop\originaltest\build.xml" />
    <property name="libs.EclipseLink-GlassFish-v3.javadoc" value="E:\Program Files\NetBeans 7.2.1\enterprise\docs\javaee6-doc-api.zip" />
    <property name="main.class.available" value="true" />
    <property name="libs.JMUnit4CLDC11.maven-pom" value="" />
    <property name="sun.awt.enableExtraMouseButtons" value="true" />
    <property name="deployments.Ftp.default.deployment.ftp.userid" value="" />
    <property name="sun.desktop" value="windows" />
    <property name="libs.Comet-GlassFish-v3.src" value="" />
    <property name="libs.restlib.javadoc" value="E:\Program Files\NetBeans 7.2.1\enterprise\docs\jersey-1.8-javadoc.zip;E:\Program Files\NetBeans 7.2.1\enterprise\docs\jersey-apache-client-1.8-javadoc.zip;E:\Program Files\NetBeans 7.2.1\enterprise\docs\jersey-atom-abdera-1.8-javadoc.zip;E:\Program Files\NetBeans 7.2.1\enterprise\docs\jersey-guice-1.8-javadoc.zip;E:\Program Files\NetBeans 7.2.1\enterprise\docs\jersey-multipart-1.8-javadoc.zip;E:\Program Files\NetBeans 7.2.1\enterprise\docs\jersey-simple-server-1.8-javadoc.zip;E:\Program Files\NetBeans 7.2.1\enterprise\docs\jersey-spring-1.8-javadoc.zip;E:\Program Files\NetBeans 7.2.1\enterprise\docs\oauth-client-1.8-javadoc.zip;E:\Program Files\NetBeans 7.2.1\enterprise\docs\oauth-server-1.8-javadoc.zip;E:\Program Files\NetBeans 7.2.1\enterprise\docs\oauth-signature-1.8-javadoc.zip" />
    <property name="libs.JAXB-ENDORSED.classpath" value="E:\Program Files\NetBeans 7.2.1\ide\modules\ext\jaxb\api\jaxb-api.jar" />
    <property name="libs.eclipselink.classpath" value="E:\Program Files\NetBeans 7.2.1\java\modules\ext\eclipselink\eclipselink-2.3.2.jar;E:\Program Files\NetBeans 7.2.1\java\modules\ext\eclipselink\javax.persistence-2.0.3.jar;E:\Program Files\NetBeans 7.2.1\java\modules\ext\eclipselink\org.eclipse.persistence.jpa.jpql_1.0.1.jar" />
    <property name="libs.beans-binding.javadoc" value="E:\Program Files\NetBeans 7.2.1\java\docs\beansbinding-1.2.1-doc.zip" />
    <property name="java.awt.graphicsenv" value="sun.awt.Win32GraphicsEnvironment" />
    <property name="libs.Java-EE-GlassFish-v3.classpath" value="E:\Program Files\glassfish-3.1.2.2\glassfish\modules\javax.faces.jar;E:\Program Files\glassfish-3.1.2.2\glassfish\modules\javax.servlet.jsp.jstl-api.jar;E:\Program Files\glassfish-3.1.2.2\glassfish\modules\endorsed\javax.annotation.jar;E:\Program Files\glassfish-3.1.2.2\glassfish\modules\weld-osgi-bundle.jar;E:\Program Files\glassfish-3.1.2.2\glassfish\modules\webservices-osgi.jar;E:\Program Files\glassfish-3.1.2.2\mq\lib\jaxm-api.jar;E:\Program Files\glassfish-3.1.2.2\glassfish\modules\javax.ejb.jar;E:\Program Files\glassfish-3.1.2.2\glassfish\modules\jersey-core.jar;E:\Program Files\glassfish-3.1.2.2\glassfish\modules\javax.management.j2ee.jar;E:\Program Files\glassfish-3.1.2.2\glassfish\modules\javax.el-api.jar;E:\Program Files\glassfish-3.1.2.2\glassfish\modules\javax.security.jacc.jar;E:\Program Files\glassfish-3.1.2.2\glassfish\modules\javax.servlet.jsp-api.jar;E:\Program Files\glassfish-3.1.2.2\glassfish\modules\javax.mail.jar;E:\Program Files\glassfish-3.1.2.2\glassfish\modules\javax.resource.jar;E:\Program Files\glassfish-3.1.2.2\glassfish\modules\javax.security.auth.message.jar;E:\Program Files\glassfish-3.1.2.2\glassfish\modules\bean-validator.jar;E:\Program Files\glassfish-3.1.2.2\glassfish\modules\javax.servlet-api.jar;E:\Program Files\glassfish-3.1.2.2\glassfish\modules\endorsed\webservices-api-osgi.jar;E:\Program Files\glassfish-3.1.2.2\glassfish\modules\jaxb-osgi.jar;E:\Program Files\glassfish-3.1.2.2\glassfish\modules\javax.jms.jar;E:\Program Files\glassfish-3.1.2.2\glassfish\modules\javax.persistence.jar;E:\Program Files\glassfish-3.1.2.2\glassfish\modules\javax.enterprise.deploy.jar;E:\Program Files\glassfish-3.1.2.2\glassfish\modules\javax.servlet.jsp.jstl.jar;E:\Program Files\glassfish-3.1.2.2\glassfish\modules\javax.transaction.jar;E:\Program Files\glassfish-3.1.2.2\glassfish\modules\endorsed\jaxb-api-osgi.jar;E:\Program Files\glassfish-3.1.2.2\glassfish\modules\web-core.jar;E:\Program Files\glassfish-3.1.2.2\glassfish\modules\jackson-core-asl.jar;E:\Program Files\glassfish-3.1.2.2\glassfish\modules\jackson-jaxrs.jar;E:\Program Files\glassfish-3.1.2.2\glassfish\modules\jackson-mapper-asl.jar;E:\Program Files\glassfish-3.1.2.2\glassfish\modules\jersey-client.jar;E:\Program Files\glassfish-3.1.2.2\glassfish\modules\jersey-core.jar;E:\Program Files\glassfish-3.1.2.2\glassfish\modules\jersey-gf-server.jar;E:\Program Files\glassfish-3.1.2.2\glassfish\modules\jersey-json.jar;E:\Program Files\glassfish-3.1.2.2\glassfish\modules\jersey-multipart.jar;E:\Program Files\glassfish-3.1.2.2\glassfish\modules\jettison.jar;E:\Program Files\glassfish-3.1.2.2\glassfish\modules\mimepull.jar" />
    <property name="java.vm.vendor" value="Oracle Corporation" />
    <property name="libs.CopyLibs.classpath" value="E:\Program Files\NetBeans 7.2.1\java\ant\extra\org-netbeans-modules-java-j2seproject-copylibstask.jar" />
    <property name="libs.spring-framework300.classpath" value="E:\Program Files\NetBeans 7.2.1\ide\modules\org-apache-commons-logging.jar;E:\Program Files\NetBeans 7.2.1\java\modules\ext\cglib-2.2.jar;E:\Program Files\NetBeans 7.2.1\java\modules\ext\spring-3.0\spring-aop-3.1.1.RELEASE.jar;E:\Program Files\NetBeans 7.2.1\java\modules\ext\spring-3.0\spring-asm-3.1.1.RELEASE.jar;E:\Program Files\NetBeans 7.2.1\java\modules\ext\spring-3.0\spring-aspects-3.1.1.RELEASE.jar;E:\Program Files\NetBeans 7.2.1\java\modules\ext\spring-3.0\spring-beans-3.1.1.RELEASE.jar;E:\Program Files\NetBeans 7.2.1\java\modules\ext\spring-3.0\spring-context-3.1.1.RELEASE.jar;E:\Program Files\NetBeans 7.2.1\java\modules\ext\spring-3.0\spring-context-support-3.1.1.RELEASE.jar;E:\Program Files\NetBeans 7.2.1\java\modules\ext\spring-3.0\spring-core-3.1.1.RELEASE.jar;E:\Program Files\NetBeans 7.2.1\java\modules\ext\spring-3.0\spring-expression-3.1.1.RELEASE.jar;E:\Program Files\NetBeans 7.2.1\java\modules\ext\spring-3.0\spring-instrument-3.1.1.RELEASE.jar;E:\Program Files\NetBeans 7.2.1\java\modules\ext\spring-3.0\spring-instrument-tomcat-3.1.1.RELEASE.jar;E:\Program Files\NetBeans 7.2.1\java\modules\ext\spring-3.0\spring-jdbc-3.1.1.RELEASE.jar;E:\Program Files\NetBeans 7.2.1\java\modules\ext\spring-3.0\spring-jms-3.1.1.RELEASE.jar;E:\Program Files\NetBeans 7.2.1\java\modules\ext\spring-3.0\spring-orm-3.1.1.RELEASE.jar;E:\Program Files\NetBeans 7.2.1\java\modules\ext\spring-3.0\spring-oxm-3.1.1.RELEASE.jar;E:\Program Files\NetBeans 7.2.1\java\modules\ext\spring-3.0\spring-test-3.1.1.RELEASE.jar;E:\Program Files\NetBeans 7.2.1\java\modules\ext\spring-3.0\spring-tx-3.1.1.RELEASE.jar;E:\Program Files\NetBeans 7.2.1\java\modules\ext\spring-3.0\spring-web-3.1.1.RELEASE.jar;E:\Program Files\NetBeans 7.2.1\java\modules\ext\spring-3.0\spring-webmvc-portlet-3.1.1.RELEASE.jar;E:\Program Files\NetBeans 7.2.1\java\modules\ext\spring-3.0\spring-webmvc-3.1.1.RELEASE.jar;E:\Program Files\NetBeans 7.2.1\java\modules\ext\spring-3.0\spring-struts-3.1.1.RELEASE.jar" />
    <property name="libs.jsp-compiler.maven-pom" value="" />
    <property name="deployment.SonnyEricsson.scriptfile" value="E:\Program Files\NetBeans 7.2.1\mobility\modules\scr\deploy-sonyericsson-impl.xml" />
    <property name="libs.Java-EE-GlassFish-v3.wsinterop" value="" />
    <property name="libs.spring-webmvc.maven-pom" value="" />
    <property name="run.jvmargs" value="" />
    <property name="libs.ejb3-persistence.classpath" value="E:\Program Files\NetBeans 7.2.1\java\modules\ext\hibernate\ejb3-persistence.jar" />
    <property name="libs.JAXB-ENDORSED.src" value="" />
    <property name="libs.spring-framework.javadoc" value="" />
    <property name="libs.testng.javadoc" value="E:\Program Files\NetBeans 7.2.1\platform\docs\testng-6.5.1-javadoc.zip" />
    <property name="libs.PostgreSQLDriver.classpath" value="E:\Program Files\NetBeans 7.2.1\ide\modules\ext\postgresql-9.1-901.jdbc4.jar" />
    <property name="user.script" value="" />
    <property name="libs.jsf12.maven-pom" value="" />
    <property name="ant.file.originaltest-impl" value="H:\Documents\Math 410\poop\originaltest\nbproject\build-impl.xml" />
    <property name="libs.junit.src" value="" />
    <property name="annotation.processing.source.output" value="build/generated-sources/ap-source-output" />
    <property name="main.class" value="samp.GameRunner" />
    <property name="libs.CopyLibs.src" value="" />
    <property name="build.dir" value="build" />
    <property name="libs.jsp-compilation.classpath" value="E:\Program Files\NetBeans 7.2.1\java\ant\lib\ant.jar;E:\Program Files\NetBeans 7.2.1\enterprise\modules\ext\servlet3.0-jsp2.2-api.jar;E:\Program Files\NetBeans 7.2.1\enterprise\modules\ext\glassfish-jspparser-3.0.jar;E:\Program Files\NetBeans 7.2.1\enterprise\modules\ext\jsf-2_1\jsf-api.jar;E:\Program Files\NetBeans 7.2.1\enterprise\modules\ext\jstl.jar;E:\Program Files\NetBeans 7.2.1\java\ant\lib\ant-launcher.jar" />
    <property name="ant.version" value="Apache Ant(TM) version 1.8.3 compiled on February 26 2012" />
    <property name="file.encoding" value="Cp1252" />
    <property name="build.classes.excludes" value="**/*.java,**/*.form" />
    <property name="javadoc.nonavbar" value="false" />
    <property name="jdkBug6558476" value="false" />
    <property name="deployments.Scp.default.deployment.scp.passphrase" value="" />
    <property name="platform.active" value="default_platform" />
    <property name="awt.toolkit" value="sun.awt.windows.WToolkit" />
    <property name="jcplatform.javacard_default" value="C:\Users\Allen\AppData\Roaming\NetBeans\7.2.1\config\Services\Platforms\org-netbeans-api-java-Platform\javacard_default.jcplatform" />
  </properties>
  <testcase classname="samp.GameTest" name="testWrongAnswer" time="0.006" />
  <testcase classname="samp.GameTest" name="testWasCorrectlyAnswered" time="0.001" />
  <testcase classname="samp.GameTest" name="testCreateRockQuestion" time="0.0" />
  <testcase classname="samp.GameTest" name="testIsPlayable" time="0.002" />
  <testcase classname="samp.GameTest" name="testHowManyPlayers" time="0.001" />
  <testcase classname="samp.GameTest" name="testAdd" time="0.0" />
  <testcase classname="samp.GameTest" name="testRoll" time="0.001" />
  <system-out><![CDATA[wrongAnswer
BOB was added
They are player number 1
Question was incorrectly answered
BOB was sent to the penalty box
wasCorrectlyAnswered
BOB was added
They are player number 1
Answer was corrent!!!!
BOB now has 1 Gold Coins.
createRockQuestion
isPlayable
howManyPlayers
add
BOBBY was added
They are player number 1
roll
BOB was added
They are player number 1
BOB is the current player
They have rolled a 1
BOB's new location is 1
The category is Science
Science Question 0
]]></system-out>
  <system-err><![CDATA[]]></system-err>
</testsuite>
